[debug] [2024-09-23T02:13:15.470Z] ----------------------------------------------------------------------
[debug] [2024-09-23T02:13:15.472Z] Command:       C:\Program Files\nodejs\node.exe C:\Users\datki\AppData\Roaming\npm\node_modules\firebase-tools\lib\bin\firebase.js deploy --only storage
[debug] [2024-09-23T02:13:15.472Z] CLI Version:   13.18.0
[debug] [2024-09-23T02:13:15.473Z] Platform:      win32
[debug] [2024-09-23T02:13:15.473Z] Node Version:  v20.17.0
[debug] [2024-09-23T02:13:15.473Z] Time:          Mon Sep 23 2024 14:13:15 GMT+1200 (New Zealand Standard Time)
[debug] [2024-09-23T02:13:15.473Z] ----------------------------------------------------------------------
[debug] 
[debug] [2024-09-23T02:13:15.521Z] Field ".storage" in "firebase.json" is possibly invalid: should be object
[debug] [2024-09-23T02:13:15.521Z] Object ".storage[0]" in "firebase.json" is missing required property: {"missingProperty":"rules"}
[debug] [2024-09-23T02:13:15.521Z] Field ".storage" in "firebase.json" is possibly invalid: should match some schema in anyOf
[debug] [2024-09-23T02:13:15.525Z] > command requires scopes: ["email","openid","https://www.googleapis.com/auth/cloudplatformprojects.readonly","https://www.googleapis.com/auth/firebase","https://www.googleapis.com/auth/cloud-platform"]
[debug] [2024-09-23T02:13:15.525Z] > authorizing via signed-in user (thetdoh96@gmail.com)
[debug] [2024-09-23T02:13:15.525Z] [iam] checking project youchews for permissions ["firebase.projects.get","firebaserules.releases.create","firebaserules.releases.update","firebaserules.rulesets.create"]
[debug] [2024-09-23T02:13:15.526Z] > refreshing access token with scopes: []
[debug] [2024-09-23T02:13:15.527Z] >>> [apiv2][query] POST https://www.googleapis.com/oauth2/v3/token [none]
[debug] [2024-09-23T02:13:15.527Z] >>> [apiv2][body] POST https://www.googleapis.com/oauth2/v3/token [omitted]
[debug] [2024-09-23T02:13:15.950Z] <<< [apiv2][status] POST https://www.googleapis.com/oauth2/v3/token 200
[debug] [2024-09-23T02:13:15.950Z] <<< [apiv2][body] POST https://www.googleapis.com/oauth2/v3/token [omitted]
[debug] [2024-09-23T02:13:15.957Z] >>> [apiv2][query] POST https://cloudresourcemanager.googleapis.com/v1/projects/youchews:testIamPermissions [none]
[debug] [2024-09-23T02:13:15.957Z] >>> [apiv2][(partial)header] POST https://cloudresourcemanager.googleapis.com/v1/projects/youchews:testIamPermissions x-goog-quota-user=projects/youchews
[debug] [2024-09-23T02:13:15.957Z] >>> [apiv2][body] POST https://cloudresourcemanager.googleapis.com/v1/projects/youchews:testIamPermissions {"permissions":["firebase.projects.get","firebaserules.releases.create","firebaserules.releases.update","firebaserules.rulesets.create"]}
[debug] [2024-09-23T02:13:17.393Z] <<< [apiv2][status] POST https://cloudresourcemanager.googleapis.com/v1/projects/youchews:testIamPermissions 200
[debug] [2024-09-23T02:13:17.393Z] <<< [apiv2][body] POST https://cloudresourcemanager.googleapis.com/v1/projects/youchews:testIamPermissions {"permissions":["firebase.projects.get","firebaserules.releases.create","firebaserules.releases.update","firebaserules.rulesets.create"]}
[info] 
[info] === Deploying to 'youchews'...
[info] 
[info] i  deploying storage 
[debug] [2024-09-23T02:13:17.755Z] TypeError [ERR_INVALID_ARG_TYPE]: The "path" argument must be of type string. Received undefined
    at Object.join (node:path:457:7)
    at Config.path (C:\Users\datki\AppData\Roaming\npm\node_modules\firebase-tools\lib\config.js:130:45)
    at RulesDeploy.addFile (C:\Users\datki\AppData\Roaming\npm\node_modules\firebase-tools\lib\rulesDeploy.js:37:46)
    at default_1 (C:\Users\datki\AppData\Roaming\npm\node_modules\firebase-tools\lib\deploy\storage\prepare.js:39:25)
    at chain (C:\Users\datki\AppData\Roaming\npm\node_modules\firebase-tools\lib\deploy\index.js:40:15)
    at deploy (C:\Users\datki\AppData\Roaming\npm\node_modules\firebase-tools\lib\deploy\index.js:100:11)
    at process.processTicksAndRejections (node:internal/process/task_queues:95:5)
[error] 
[error] Error: An unexpected error has occurred.
[debug] [2024-09-23T02:14:24.086Z] ----------------------------------------------------------------------
[debug] [2024-09-23T02:14:24.088Z] Command:       C:\Program Files\nodejs\node.exe C:\Users\datki\AppData\Roaming\npm\node_modules\firebase-tools\lib\bin\firebase.js deploy --only storage --debug
[debug] [2024-09-23T02:14:24.088Z] CLI Version:   13.18.0
[debug] [2024-09-23T02:14:24.088Z] Platform:      win32
[debug] [2024-09-23T02:14:24.088Z] Node Version:  v20.17.0
[debug] [2024-09-23T02:14:24.088Z] Time:          Mon Sep 23 2024 14:14:24 GMT+1200 (New Zealand Standard Time)
[debug] [2024-09-23T02:14:24.088Z] ----------------------------------------------------------------------
[debug] 
[debug] [2024-09-23T02:14:24.141Z] Field ".storage" in "firebase.json" is possibly invalid: should be object
[debug] [2024-09-23T02:14:24.142Z] Object ".storage[0]" in "firebase.json" is missing required property: {"missingProperty":"rules"}
[debug] [2024-09-23T02:14:24.143Z] Field ".storage" in "firebase.json" is possibly invalid: should match some schema in anyOf
[debug] [2024-09-23T02:14:24.147Z] > command requires scopes: ["email","openid","https://www.googleapis.com/auth/cloudplatformprojects.readonly","https://www.googleapis.com/auth/firebase","https://www.googleapis.com/auth/cloud-platform"]
[debug] [2024-09-23T02:14:24.147Z] > authorizing via signed-in user (thetdoh96@gmail.com)
[debug] [2024-09-23T02:14:24.148Z] [iam] checking project youchews for permissions ["firebase.projects.get","firebaserules.releases.create","firebaserules.releases.update","firebaserules.rulesets.create"]
[debug] [2024-09-23T02:14:24.151Z] >>> [apiv2][query] POST https://cloudresourcemanager.googleapis.com/v1/projects/youchews:testIamPermissions [none]
[debug] [2024-09-23T02:14:24.152Z] >>> [apiv2][(partial)header] POST https://cloudresourcemanager.googleapis.com/v1/projects/youchews:testIamPermissions x-goog-quota-user=projects/youchews
[debug] [2024-09-23T02:14:24.152Z] >>> [apiv2][body] POST https://cloudresourcemanager.googleapis.com/v1/projects/youchews:testIamPermissions {"permissions":["firebase.projects.get","firebaserules.releases.create","firebaserules.releases.update","firebaserules.rulesets.create"]}
[debug] [2024-09-23T02:14:25.254Z] <<< [apiv2][status] POST https://cloudresourcemanager.googleapis.com/v1/projects/youchews:testIamPermissions 200
[debug] [2024-09-23T02:14:25.254Z] <<< [apiv2][body] POST https://cloudresourcemanager.googleapis.com/v1/projects/youchews:testIamPermissions {"permissions":["firebase.projects.get","firebaserules.releases.create","firebaserules.releases.update","firebaserules.rulesets.create"]}
[info] 
[info] === Deploying to 'youchews'...
[info] 
[info] i  deploying storage 
[debug] [2024-09-23T02:14:25.603Z] TypeError [ERR_INVALID_ARG_TYPE]: The "path" argument must be of type string. Received undefined
    at Object.join (node:path:457:7)
    at Config.path (C:\Users\datki\AppData\Roaming\npm\node_modules\firebase-tools\lib\config.js:130:45)
    at RulesDeploy.addFile (C:\Users\datki\AppData\Roaming\npm\node_modules\firebase-tools\lib\rulesDeploy.js:37:46)
    at default_1 (C:\Users\datki\AppData\Roaming\npm\node_modules\firebase-tools\lib\deploy\storage\prepare.js:39:25)
    at chain (C:\Users\datki\AppData\Roaming\npm\node_modules\firebase-tools\lib\deploy\index.js:40:15)
    at deploy (C:\Users\datki\AppData\Roaming\npm\node_modules\firebase-tools\lib\deploy\index.js:100:11)
    at process.processTicksAndRejections (node:internal/process/task_queues:95:5)
[error] 
[error] Error: An unexpected error has occurred.
[debug] [2024-09-23T02:15:49.844Z] ----------------------------------------------------------------------
[debug] [2024-09-23T02:15:49.846Z] Command:       C:\Program Files\nodejs\node.exe C:\Users\datki\AppData\Roaming\npm\node_modules\firebase-tools\lib\bin\firebase.js deploy --only storage --debug
[debug] [2024-09-23T02:15:49.846Z] CLI Version:   13.18.0
[debug] [2024-09-23T02:15:49.847Z] Platform:      win32
[debug] [2024-09-23T02:15:49.847Z] Node Version:  v20.17.0
[debug] [2024-09-23T02:15:49.847Z] Time:          Mon Sep 23 2024 14:15:49 GMT+1200 (New Zealand Standard Time)
[debug] [2024-09-23T02:15:49.847Z] ----------------------------------------------------------------------
[debug] 
[debug] [2024-09-23T02:15:49.907Z] Field ".storage" in "firebase.json" is possibly invalid: should be object
[debug] [2024-09-23T02:15:49.908Z] Object ".storage[0]" in "firebase.json" is missing required property: {"missingProperty":"rules"}
[debug] [2024-09-23T02:15:49.909Z] Field ".storage" in "firebase.json" is possibly invalid: should match some schema in anyOf
[debug] [2024-09-23T02:15:49.913Z] > command requires scopes: ["email","openid","https://www.googleapis.com/auth/cloudplatformprojects.readonly","https://www.googleapis.com/auth/firebase","https://www.googleapis.com/auth/cloud-platform"]
[debug] [2024-09-23T02:15:49.914Z] > authorizing via signed-in user (thetdoh96@gmail.com)
[debug] [2024-09-23T02:15:49.914Z] [iam] checking project youchews for permissions ["firebase.projects.get","firebaserules.releases.create","firebaserules.releases.update","firebaserules.rulesets.create"]
[debug] [2024-09-23T02:15:49.916Z] >>> [apiv2][query] POST https://cloudresourcemanager.googleapis.com/v1/projects/youchews:testIamPermissions [none]
[debug] [2024-09-23T02:15:49.917Z] >>> [apiv2][(partial)header] POST https://cloudresourcemanager.googleapis.com/v1/projects/youchews:testIamPermissions x-goog-quota-user=projects/youchews
[debug] [2024-09-23T02:15:49.917Z] >>> [apiv2][body] POST https://cloudresourcemanager.googleapis.com/v1/projects/youchews:testIamPermissions {"permissions":["firebase.projects.get","firebaserules.releases.create","firebaserules.releases.update","firebaserules.rulesets.create"]}
[debug] [2024-09-23T02:15:51.016Z] <<< [apiv2][status] POST https://cloudresourcemanager.googleapis.com/v1/projects/youchews:testIamPermissions 200
[debug] [2024-09-23T02:15:51.016Z] <<< [apiv2][body] POST https://cloudresourcemanager.googleapis.com/v1/projects/youchews:testIamPermissions {"permissions":["firebase.projects.get","firebaserules.releases.create","firebaserules.releases.update","firebaserules.rulesets.create"]}
[info] 
[info] === Deploying to 'youchews'...
[info] 
[info] i  deploying storage 
[debug] [2024-09-23T02:15:51.320Z] TypeError [ERR_INVALID_ARG_TYPE]: The "path" argument must be of type string. Received undefined
    at Object.join (node:path:457:7)
    at Config.path (C:\Users\datki\AppData\Roaming\npm\node_modules\firebase-tools\lib\config.js:130:45)
    at RulesDeploy.addFile (C:\Users\datki\AppData\Roaming\npm\node_modules\firebase-tools\lib\rulesDeploy.js:37:46)
    at default_1 (C:\Users\datki\AppData\Roaming\npm\node_modules\firebase-tools\lib\deploy\storage\prepare.js:39:25)
    at chain (C:\Users\datki\AppData\Roaming\npm\node_modules\firebase-tools\lib\deploy\index.js:40:15)
    at deploy (C:\Users\datki\AppData\Roaming\npm\node_modules\firebase-tools\lib\deploy\index.js:100:11)
    at process.processTicksAndRejections (node:internal/process/task_queues:95:5)
[error] 
[error] Error: An unexpected error has occurred.
[debug] [2024-09-23T02:16:00.218Z] ----------------------------------------------------------------------
[debug] [2024-09-23T02:16:00.220Z] Command:       C:\Program Files\nodejs\node.exe C:\Users\datki\AppData\Roaming\npm\node_modules\firebase-tools\lib\bin\firebase.js deploy --only storage --debug
[debug] [2024-09-23T02:16:00.220Z] CLI Version:   13.18.0
[debug] [2024-09-23T02:16:00.220Z] Platform:      win32
[debug] [2024-09-23T02:16:00.220Z] Node Version:  v20.17.0
[debug] [2024-09-23T02:16:00.220Z] Time:          Mon Sep 23 2024 14:16:00 GMT+1200 (New Zealand Standard Time)
[debug] [2024-09-23T02:16:00.221Z] ----------------------------------------------------------------------
[debug] 
[debug] [2024-09-23T02:16:00.272Z] > command requires scopes: ["email","openid","https://www.googleapis.com/auth/cloudplatformprojects.readonly","https://www.googleapis.com/auth/firebase","https://www.googleapis.com/auth/cloud-platform"]
[debug] [2024-09-23T02:16:00.274Z] > authorizing via signed-in user (thetdoh96@gmail.com)
[debug] [2024-09-23T02:16:00.274Z] [iam] checking project youchews for permissions ["firebase.projects.get","firebaserules.releases.create","firebaserules.releases.update","firebaserules.rulesets.create"]
[debug] [2024-09-23T02:16:00.276Z] >>> [apiv2][query] POST https://cloudresourcemanager.googleapis.com/v1/projects/youchews:testIamPermissions [none]
[debug] [2024-09-23T02:16:00.277Z] >>> [apiv2][(partial)header] POST https://cloudresourcemanager.googleapis.com/v1/projects/youchews:testIamPermissions x-goog-quota-user=projects/youchews
[debug] [2024-09-23T02:16:00.277Z] >>> [apiv2][body] POST https://cloudresourcemanager.googleapis.com/v1/projects/youchews:testIamPermissions {"permissions":["firebase.projects.get","firebaserules.releases.create","firebaserules.releases.update","firebaserules.rulesets.create"]}
[debug] [2024-09-23T02:16:00.729Z] <<< [apiv2][status] POST https://cloudresourcemanager.googleapis.com/v1/projects/youchews:testIamPermissions 200
[debug] [2024-09-23T02:16:00.729Z] <<< [apiv2][body] POST https://cloudresourcemanager.googleapis.com/v1/projects/youchews:testIamPermissions {"permissions":["firebase.projects.get","firebaserules.releases.create","firebaserules.releases.update","firebaserules.rulesets.create"]}
[info] 
[info] === Deploying to 'youchews'...
[info] 
[info] i  deploying storage 
[info] i  storage: ensuring required API firebasestorage.googleapis.com is enabled... 
[debug] [2024-09-23T02:16:00.733Z] >>> [apiv2][query] GET https://serviceusage.googleapis.com/v1/projects/youchews/services/firebasestorage.googleapis.com [none]
[debug] [2024-09-23T02:16:00.733Z] >>> [apiv2][(partial)header] GET https://serviceusage.googleapis.com/v1/projects/youchews/services/firebasestorage.googleapis.com x-goog-quota-user=projects/youchews
[debug] [2024-09-23T02:16:02.504Z] <<< [apiv2][status] GET https://serviceusage.googleapis.com/v1/projects/youchews/services/firebasestorage.googleapis.com 200
[debug] [2024-09-23T02:16:02.504Z] <<< [apiv2][body] GET https://serviceusage.googleapis.com/v1/projects/youchews/services/firebasestorage.googleapis.com [omitted]
[info] +  storage: required API firebasestorage.googleapis.com is enabled 
[debug] [2024-09-23T02:16:02.505Z] >>> [apiv2][query] GET https://firebasestorage.googleapis.com/v1alpha/projects/youchews/defaultBucket [none]
[debug] [2024-09-23T02:16:04.098Z] <<< [apiv2][status] GET https://firebasestorage.googleapis.com/v1alpha/projects/youchews/defaultBucket 200
[debug] [2024-09-23T02:16:04.099Z] <<< [apiv2][body] GET https://firebasestorage.googleapis.com/v1alpha/projects/youchews/defaultBucket {"name":"projects/youchews/defaultBucket","location":"US","bucket":{"name":"projects/youchews/buckets/youchews.appspot.com"}}
[debug] [2024-09-23T02:16:04.102Z] [rules read error] Error: ENOENT: no such file or directory, open 'C:\Users\datki\OneDrive\YouChews\storage.rules'
    at Object.readFileSync (node:fs:448:20)
    at RulesDeploy.addFile (C:\Users\datki\AppData\Roaming\npm\node_modules\firebase-tools\lib\rulesDeploy.js:40:22)
    at default_1 (C:\Users\datki\AppData\Roaming\npm\node_modules\firebase-tools\lib\deploy\storage\prepare.js:39:25)
    at process.processTicksAndRejections (node:internal/process/task_queues:95:5)
    at async chain (C:\Users\datki\AppData\Roaming\npm\node_modules\firebase-tools\lib\deploy\index.js:40:9)
    at async deploy (C:\Users\datki\AppData\Roaming\npm\node_modules\firebase-tools\lib\deploy\index.js:100:5)
[error] 
[error] Error: Error reading rules file storage.rules
[debug] [2024-09-23T02:17:36.389Z] ----------------------------------------------------------------------
[debug] [2024-09-23T02:17:36.392Z] Command:       C:\Program Files\nodejs\node.exe C:\Users\datki\AppData\Roaming\npm\node_modules\firebase-tools\lib\bin\firebase.js deploy --only storage --debug
[debug] [2024-09-23T02:17:36.392Z] CLI Version:   13.18.0
[debug] [2024-09-23T02:17:36.392Z] Platform:      win32
[debug] [2024-09-23T02:17:36.392Z] Node Version:  v20.17.0
[debug] [2024-09-23T02:17:36.392Z] Time:          Mon Sep 23 2024 14:17:36 GMT+1200 (New Zealand Standard Time)
[debug] [2024-09-23T02:17:36.392Z] ----------------------------------------------------------------------
[debug] 
[debug] [2024-09-23T02:17:36.448Z] > command requires scopes: ["email","openid","https://www.googleapis.com/auth/cloudplatformprojects.readonly","https://www.googleapis.com/auth/firebase","https://www.googleapis.com/auth/cloud-platform"]
[debug] [2024-09-23T02:17:36.450Z] > authorizing via signed-in user (thetdoh96@gmail.com)
[debug] [2024-09-23T02:17:36.450Z] [iam] checking project youchews for permissions ["firebase.projects.get","firebaserules.releases.create","firebaserules.releases.update","firebaserules.rulesets.create"]
[debug] [2024-09-23T02:17:36.452Z] >>> [apiv2][query] POST https://cloudresourcemanager.googleapis.com/v1/projects/youchews:testIamPermissions [none]
[debug] [2024-09-23T02:17:36.452Z] >>> [apiv2][(partial)header] POST https://cloudresourcemanager.googleapis.com/v1/projects/youchews:testIamPermissions x-goog-quota-user=projects/youchews
[debug] [2024-09-23T02:17:36.452Z] >>> [apiv2][body] POST https://cloudresourcemanager.googleapis.com/v1/projects/youchews:testIamPermissions {"permissions":["firebase.projects.get","firebaserules.releases.create","firebaserules.releases.update","firebaserules.rulesets.create"]}
[debug] [2024-09-23T02:17:37.544Z] <<< [apiv2][status] POST https://cloudresourcemanager.googleapis.com/v1/projects/youchews:testIamPermissions 200
[debug] [2024-09-23T02:17:37.545Z] <<< [apiv2][body] POST https://cloudresourcemanager.googleapis.com/v1/projects/youchews:testIamPermissions {"permissions":["firebase.projects.get","firebaserules.releases.create","firebaserules.releases.update","firebaserules.rulesets.create"]}
[info] 
[info] === Deploying to 'youchews'...
[info] 
[info] i  deploying storage 
[info] i  storage: ensuring required API firebasestorage.googleapis.com is enabled... 
[debug] [2024-09-23T02:17:37.549Z] >>> [apiv2][query] GET https://serviceusage.googleapis.com/v1/projects/youchews/services/firebasestorage.googleapis.com [none]
[debug] [2024-09-23T02:17:37.549Z] >>> [apiv2][(partial)header] GET https://serviceusage.googleapis.com/v1/projects/youchews/services/firebasestorage.googleapis.com x-goog-quota-user=projects/youchews
[debug] [2024-09-23T02:17:38.051Z] <<< [apiv2][status] GET https://serviceusage.googleapis.com/v1/projects/youchews/services/firebasestorage.googleapis.com 200
[debug] [2024-09-23T02:17:38.052Z] <<< [apiv2][body] GET https://serviceusage.googleapis.com/v1/projects/youchews/services/firebasestorage.googleapis.com [omitted]
[info] +  storage: required API firebasestorage.googleapis.com is enabled 
[debug] [2024-09-23T02:17:38.053Z] >>> [apiv2][query] GET https://firebasestorage.googleapis.com/v1alpha/projects/youchews/defaultBucket [none]
[debug] [2024-09-23T02:17:39.364Z] <<< [apiv2][status] GET https://firebasestorage.googleapis.com/v1alpha/projects/youchews/defaultBucket 200
[debug] [2024-09-23T02:17:39.365Z] <<< [apiv2][body] GET https://firebasestorage.googleapis.com/v1alpha/projects/youchews/defaultBucket {"name":"projects/youchews/defaultBucket","location":"US","bucket":{"name":"projects/youchews/buckets/youchews.appspot.com"}}
[info] i  firebase.storage: checking storage.rules for compilation errors... 
[debug] [2024-09-23T02:17:39.366Z] >>> [apiv2][query] POST https://firebaserules.googleapis.com/v1/projects/youchews:test [none]
[debug] [2024-09-23T02:17:39.367Z] >>> [apiv2][body] POST https://firebaserules.googleapis.com/v1/projects/youchews:test [omitted]
[debug] [2024-09-23T02:17:41.567Z] <<< [apiv2][status] POST https://firebaserules.googleapis.com/v1/projects/youchews:test 200
[debug] [2024-09-23T02:17:41.568Z] <<< [apiv2][body] POST https://firebaserules.googleapis.com/v1/projects/youchews:test {"issues":[{"sourcePosition":{"fileName":"storage.rules"},"description":"Ruleset uses old version (version [1]). Please update to the latest version (version [2]).","severity":"WARNING"}]}
[warn] !  [W] undefined:undefined - Ruleset uses old version (version [1]). Please update to the latest version (version [2]). 
[info] +  firebase.storage: rules file storage.rules compiled successfully 
[debug] [2024-09-23T02:17:41.570Z] >>> [apiv2][query] GET https://firebaserules.googleapis.com/v1/projects/youchews/releases pageSize=10&pageToken=
[debug] [2024-09-23T02:17:41.975Z] <<< [apiv2][status] GET https://firebaserules.googleapis.com/v1/projects/youchews/releases 200
[debug] [2024-09-23T02:17:41.976Z] <<< [apiv2][body] GET https://firebaserules.googleapis.com/v1/projects/youchews/releases {"releases":[{"name":"projects/youchews/releases/cloud.firestore","rulesetName":"projects/youchews/rulesets/03857478-1670-4df3-aa22-eacce0196e58","createTime":"2024-09-23T02:10:02.741815Z","updateTime":"2024-09-23T02:10:02.741815Z"},{"name":"projects/youchews/releases/firebase.storage/youchews.appspot.com","rulesetName":"projects/youchews/rulesets/1804797d-646c-4030-b82a-e25d2b76daaa","createTime":"2024-09-23T02:12:14.057700Z","updateTime":"2024-09-23T02:15:37.471410Z"}]}
[debug] [2024-09-23T02:17:41.987Z] >>> [apiv2][query] GET https://firebaserules.googleapis.com/v1/projects/youchews/rulesets/1804797d-646c-4030-b82a-e25d2b76daaa [none]
[debug] [2024-09-23T02:17:43.582Z] <<< [apiv2][status] GET https://firebaserules.googleapis.com/v1/projects/youchews/rulesets/1804797d-646c-4030-b82a-e25d2b76daaa 200
[debug] [2024-09-23T02:17:43.583Z] <<< [apiv2][body] GET https://firebaserules.googleapis.com/v1/projects/youchews/rulesets/1804797d-646c-4030-b82a-e25d2b76daaa [omitted]
[info] i  storage: uploading rules storage.rules... 
[debug] [2024-09-23T02:17:43.584Z] >>> [apiv2][query] POST https://firebaserules.googleapis.com/v1/projects/youchews/rulesets [none]
[debug] [2024-09-23T02:17:43.584Z] >>> [apiv2][body] POST https://firebaserules.googleapis.com/v1/projects/youchews/rulesets [omitted]
[debug] [2024-09-23T02:17:45.025Z] <<< [apiv2][status] POST https://firebaserules.googleapis.com/v1/projects/youchews/rulesets 200
[debug] [2024-09-23T02:17:45.026Z] <<< [apiv2][body] POST https://firebaserules.googleapis.com/v1/projects/youchews/rulesets {"name":"projects/youchews/rulesets/5e3c5784-55da-463a-8b72-3b1e652c5448","source":{"files":[{"content":"    service firebase.storage {\r\n      match /b/{bucket}/o {\r\n        match /{allPaths=**} {\r\n          allow read, write: if request.auth != null;\r\n        }\r\n      }\r\n    }","name":"storage.rules"}]},"createTime":"2024-09-23T02:17:46.270847Z","metadata":{"services":["firebase.storage"]}}
[debug] [2024-09-23T02:17:45.027Z] [rules] created ruleset projects/youchews/rulesets/5e3c5784-55da-463a-8b72-3b1e652c5448
[debug] [2024-09-23T02:17:45.028Z] [rules] releasing firebase.storage/youchews.appspot.com with ruleset projects/youchews/rulesets/5e3c5784-55da-463a-8b72-3b1e652c5448
[debug] [2024-09-23T02:17:45.028Z] >>> [apiv2][query] PATCH https://firebaserules.googleapis.com/v1/projects/youchews/releases/firebase.storage/youchews.appspot.com [none]
[debug] [2024-09-23T02:17:45.029Z] >>> [apiv2][body] PATCH https://firebaserules.googleapis.com/v1/projects/youchews/releases/firebase.storage/youchews.appspot.com {"release":{"name":"projects/youchews/releases/firebase.storage/youchews.appspot.com","rulesetName":"projects/youchews/rulesets/5e3c5784-55da-463a-8b72-3b1e652c5448"}}
[debug] [2024-09-23T02:17:46.467Z] <<< [apiv2][status] PATCH https://firebaserules.googleapis.com/v1/projects/youchews/releases/firebase.storage/youchews.appspot.com 200
[debug] [2024-09-23T02:17:46.468Z] <<< [apiv2][body] PATCH https://firebaserules.googleapis.com/v1/projects/youchews/releases/firebase.storage/youchews.appspot.com {"name":"projects/youchews/releases/firebase.storage/youchews.appspot.com","rulesetName":"projects/youchews/rulesets/5e3c5784-55da-463a-8b72-3b1e652c5448","createTime":"2024-09-23T02:12:14.057700Z","updateTime":"2024-09-23T02:17:47.716782Z"}
[debug] [2024-09-23T02:17:46.468Z] [rules] updated release projects/youchews/releases/firebase.storage/youchews.appspot.com
[info] +  storage: released rules storage.rules to firebase.storage 
[info] 
[info] +  Deploy complete! 
[info] 
[info] Project Console: https://console.firebase.google.com/project/youchews/overview
